\BOOKMARK [1][-]{section.1}{\376\377\000C\000O\000U\000R\000S\000E\000\040\000I\000N\000T\000R\000O\000D\000U\000C\000T\000I\000O\000N}{}% 1
\BOOKMARK [2][-]{subsection.1.1}{\376\377\000S\000T\000U\000D\000Y\000\040\000O\000F\000\040\000V\000E\000D\000I\000C\000\040\000A\000S\000T\000R\000O\000L\000O\000G\000Y}{section.1}% 2
\BOOKMARK [2][-]{subsection.1.2}{\376\377\000P\000U\000R\000P\000O\000S\000E\000\040\000O\000F\000\040\000T\000H\000E\000\040\000C\000O\000U\000R\000S\000E}{section.1}% 3
\BOOKMARK [2][-]{subsection.1.3}{\376\377\000B\000A\000C\000K\000G\000R\000O\000U\000N\000D\000\040\000O\000F\000\040\000T\000H\000E\000\040\000C\000O\000U\000R\000S\000E}{section.1}% 4
\BOOKMARK [2][-]{subsection.1.4}{\376\377\000R\000E\000Q\000U\000I\000R\000E\000M\000E\000N\000T\000S\000\040\000O\000F\000\040\000T\000H\000E\000\040\000S\000T\000U\000D\000E\000N\000T}{section.1}% 5
\BOOKMARK [2][-]{subsection.1.5}{\376\377\000O\000R\000I\000E\000N\000T\000A\000T\000I\000O\000N\000\040\000O\000F\000\040\000T\000H\000E\000\040\000C\000O\000U\000R\000S\000E}{section.1}% 6
\BOOKMARK [2][-]{subsection.1.6}{\376\377\000B\000O\000O\000K\000S\000\040\000A\000N\000D\000\040\000C\000D\000S\000\040\000F\000O\000R\000\040\000C\000O\000U\000R\000S\000E}{section.1}% 7
\BOOKMARK [2][-]{subsection.1.7}{\376\377\000V\000E\000D\000I\000C\000\040\000S\000O\000F\000T\000W\000A\000R\000E}{section.1}% 8
\BOOKMARK [2][-]{subsection.1.8}{\376\377\000F\000O\000R\000M\000A\000T\000\040\000O\000F\000\040\000T\000H\000E\000\040\000C\000O\000U\000R\000S\000E}{section.1}% 9
\BOOKMARK [2][-]{subsection.1.9}{\376\377\000C\000o\000u\000r\000s\000e\000\040\000W\000o\000r\000k\000b\000o\000o\000k}{section.1}% 10
\BOOKMARK [2][-]{subsection.1.10}{\376\377\000C\000O\000U\000R\000S\000E\000\040\000I\000L\000L\000U\000S\000T\000R\000A\000T\000I\000O\000N\000S}{section.1}% 11
\BOOKMARK [2][-]{subsection.1.11}{\376\377\000F\000i\000n\000a\000l\000\040\000T\000e\000s\000t\000\040\000Q\000u\000e\000s\000t\000i\000o\000n\000s}{section.1}% 12
\BOOKMARK [2][-]{subsection.1.12}{\376\377\000S\000P\000E\000C\000I\000A\000L\000\040\000A\000U\000D\000I\000O\000\040\000I\000N\000T\000R\000O\000D\000U\000C\000T\000I\000O\000N\000\040\000T\000O\000\040\000T\000H\000E\000\040\000C\000O\000U\000R\000S\000E\000\040\000B\000Y\000\040\000D\000R\000.\000\040\000D\000A\000V\000I\000D\000\040\000F\000R\000A\000W\000L\000E\000Y\000\040\000\050\000V\000A\000M\000A\000D\000E\000V\000A\000\040\000S\000H\000A\000S\000T\000R\000I\000\051}{section.1}% 13
\BOOKMARK [2][-]{subsection.1.13}{\376\377\000V\000E\000D\000I\000C\000\040\000A\000S\000T\000R\000O\000L\000O\000G\000Y\000\040\000R\000E\000A\000D\000I\000N\000G\000S\000\040\000F\000O\000R\000\040\000C\000O\000U\000R\000S\000E\000\040\000S\000T\000U\000D\000E\000N\000T\000S}{section.1}% 14
\BOOKMARK [2][-]{subsection.1.14}{\376\377\000O\000U\000R\000\040\000W\000E\000B\000S\000I\000T\000E\000\040\000A\000N\000D\000\040\000S\000O\000C\000I\000A\000L\000\040\000M\000E\000D\000I\000A}{section.1}% 15
\BOOKMARK [2][-]{subsection.1.15}{\376\377\000O\000U\000R\000\040\000F\000A\000C\000E\000B\000O\000O\000K\000\040\000A\000C\000C\000O\000U\000N\000T\000\040\000F\000O\000R\000\040\000A\000M\000E\000R\000I\000C\000A\000N\000\040\000I\000N\000S\000T\000I\000T\000U\000T\000E\000\040\000O\000F\000\040\000V\000E\000D\000I\000C\000\040\000S\000T\000U\000D\000I\000E\000S}{section.1}% 16
\BOOKMARK [2][-]{subsection.1.16}{\376\377\000C\000O\000U\000R\000S\000E\000\040\000R\000E\000F\000U\000N\000D\000S\000\040\000A\000N\000D\000\040\000T\000E\000R\000M\000\040\000F\000O\000R\000\040\000C\000O\000M\000P\000L\000E\000T\000I\000O\000N}{section.1}% 17
\BOOKMARK [2][-]{subsection.1.17}{\376\377\000C\000E\000R\000T\000I\000F\000I\000C\000A\000T\000I\000O\000N}{section.1}% 18
\BOOKMARK [2][-]{subsection.1.18}{\376\377\000F\000U\000R\000T\000H\000E\000R\000\040\000T\000R\000A\000I\000N\000I\000N\000G\000\040\000O\000P\000T\000I\000O\000N\000S\000\040\000W\000I\000T\000H\000\040\000U\000S}{section.1}% 19
\BOOKMARK [2][-]{subsection.1.19}{\376\377\000I\000N\000D\000I\000A\000N\000\040\000N\000A\000T\000I\000O\000N\000A\000L\000\040\000T\000E\000L\000E\000V\000I\000S\000I\000O\000N\000\040\000\050\000D\000O\000O\000R\000\040\000D\000A\000R\000S\000H\000A\000N\000\051\000\040\000I\000N\000T\000E\000R\000V\000I\000E\000W\000\040\000W\000I\000T\000H\000\040\000D\000R\000.\000\040\000D\000A\000V\000I\000D\000\040\000F\000R\000A\000W\000L\000E\000Y}{section.1}% 20
\BOOKMARK [1][-]{section.2}{\376\377\000T\000H\000E\000\040\000B\000A\000C\000K\000G\000R\000O\000U\000N\000D\000\040\000O\000F\000\040\000V\000E\000D\000I\000C\000\040\000A\000S\000T\000R\000O\000L\000O\000G\000Y}{}% 21
\BOOKMARK [2][-]{subsection.2.1}{\376\377\000S\000Y\000S\000T\000E\000M\000S\000\040\000O\000F\000\040\000A\000S\000T\000R\000O\000L\000O\000G\000Y\000\040\040\023\000\040\000E\000A\000S\000T\000\040\000A\000N\000D\000\040\000W\000E\000S\000T}{section.2}% 22
\BOOKMARK [2][-]{subsection.2.2}{\376\377\000T\000H\000E\000\040\000A\000S\000T\000R\000O\000L\000O\000G\000E\000R\000\040\000A\000S\000\040\000L\000I\000F\000E\000-\000C\000O\000U\000N\000S\000E\000L\000O\000R}{section.2}% 23
\BOOKMARK [2][-]{subsection.2.3}{\376\377\000T\000H\000R\000E\000E\000\040\000M\000O\000D\000E\000L\000S\000\040\000O\000F\000\040\000V\000E\000D\000I\000C\000\040\000A\000S\000T\000R\000O\000L\000O\000G\000Y}{section.2}% 24
\BOOKMARK [3][-]{subsubsection.2.3.1}{\376\377\0001\000.\000\040\000P\000R\000E\000D\000I\000C\000T\000I\000V\000E\000\040\000A\000S\000T\000R\000O\000L\000O\000G\000Y}{subsection.2.3}% 25
\BOOKMARK [3][-]{subsubsection.2.3.2}{\376\377\0002\000.\000\040\000J\000U\000D\000G\000M\000E\000N\000T\000A\000L\000\040\000A\000S\000T\000R\000O\000L\000O\000G\000Y}{subsection.2.3}% 26
\BOOKMARK [3][-]{subsubsection.2.3.3}{\376\377\0003\000.\000\040\000S\000P\000I\000R\000I\000T\000U\000A\000L\000\040\000A\000S\000T\000R\000O\000L\000O\000G\000Y\000\040\000A\000N\000D\000\040\000A\000S\000T\000R\000O\000L\000O\000G\000I\000C\000A\000L\000\040\000C\000O\000U\000N\000S\000E\000L\000I\000N\000G}{subsection.2.3}% 27
\BOOKMARK [2][-]{subsection.2.4}{\376\377\000T\000H\000E\000\040\000A\000S\000T\000R\000O\000L\000O\000G\000Y\000\040\000O\000F\000\040\000H\000E\000A\000L\000I\000N\000G\000/\000\040\000Y\000O\000G\000I\000C\000\040\000A\000S\000T\000R\000O\000L\000O\000G\000Y\000\040\000A\000N\000D\000\040\000A\000Y\000U\000R\000V\000E\000D\000I\000C\000\040\000A\000S\000T\000R\000O\000L\000O\000G\000Y}{section.2}% 28
\BOOKMARK [2][-]{subsection.2.5}{\376\377\000T\000H\000E\000\040\000F\000O\000U\000R\000\040\000A\000I\000M\000S\000\040\000O\000F\000\040\000L\000I\000F\000E}{section.2}% 29
\BOOKMARK [3][-]{subsubsection.2.5.1}{\376\377\000D\000H\000A\000R\000M\000A}{subsection.2.5}% 30
\BOOKMARK [4][-]{subsubsubsection.2.5.1.1}{\376\377\000I\000n\000d\000i\000c\000a\000t\000i\000o\000n\000s\000\040\000i\000n\000\040\000t\000h\000e\000\040\000C\000h\000a\000r\000t}{subsubsection.2.5.1}% 31
\BOOKMARK [3][-]{subsubsection.2.5.2}{\376\377\000A\000R\000T\000H\000A}{subsection.2.5}% 32
\BOOKMARK [4][-]{subsubsubsection.2.5.2.1}{\376\377\000I\000n\000d\000i\000c\000a\000t\000i\000o\000n\000s\000\040\000i\000n\000\040\000t\000h\000e\000\040\000C\000h\000a\000r\000t}{subsubsection.2.5.2}% 33
\BOOKMARK [3][-]{subsubsection.2.5.3}{\376\377\000K\000A\000M\000A}{subsection.2.5}% 34
\BOOKMARK [4][-]{subsubsubsection.2.5.3.1}{\376\377\000I\000n\000d\000i\000c\000a\000t\000i\000o\000n\000s\000\040\000i\000n\000\040\000t\000h\000e\000\040\000C\000h\000a\000r\000t}{subsubsection.2.5.3}% 35
\BOOKMARK [3][-]{subsubsection.2.5.4}{\376\377\000M\000O\000K\000S\000H\000A}{subsection.2.5}% 36
\BOOKMARK [4][-]{subsubsubsection.2.5.4.1}{\376\377\000I\000n\000d\000i\000c\000a\000t\000i\000o\000n\000s\000\040\000i\000n\000\040\000t\000h\000e\000\040\000C\000h\000a\000r\000t}{subsubsection.2.5.4}% 37
\BOOKMARK [3][-]{subsubsection.2.5.5}{\376\377\000R\000e\000l\000a\000t\000i\000o\000n\000s\000h\000i\000p\000\040\000b\000e\000t\000w\000e\000e\000n\000\040\000t\000h\000e\000\040\000F\000o\000u\000r\000\040\000A\000i\000m\000s\000\040\000o\000f\000\040\000L\000i\000f\000e}{subsection.2.5}% 38
\BOOKMARK [3][-]{subsubsection.2.5.6}{\376\377\000T\000H\000E\000\040\000K\000A\000R\000M\000A\000\040\000O\000F\000\040\000A\000N\000\040\000A\000S\000T\000R\000O\000L\000O\000G\000E\000R}{subsection.2.5}% 39
\BOOKMARK [2][-]{subsection.2.6}{\376\377\000T\000a\000l\000k\000\040\000b\000y\000\040\000D\000r\000.\000\040\000D\000a\000v\000i\000d\000\040\000F\000r\000a\000w\000l\000e\000y\000\040\000o\000n\000\040\000V\000e\000d\000i\000c\000\040\000A\000s\000t\000r\000o\000l\000o\000g\000y\000\040\000a\000n\000d\000\040\000V\000e\000d\000i\000c\000\040\000C\000o\000u\000n\000s\000e\000l\000i\000n\000g\000\040\000S\000h\000o\000w\000s\000\040\000h\000o\000w\000\040\000w\000e\000\040\000v\000i\000e\000w\000\040\000a\000n\000d\000\040\000a\000p\000p\000l\000y\000\040\000V\000e\000d\000i\000c\000\040\000a\000s\000t\000r\000o\000l\000o\000g\000y\000\040\000i\000n\000\040\000o\000u\000r\000\040\000i\000n\000t\000e\000g\000r\000a\000l\000\040\000a\000p\000p\000r\000o\000a\000c\000h\000\040\000t\000o\000\040\000V\000e\000d\000i\000c\000\040\000k\000n\000o\000w\000l\000e\000d\000g\000e}{section.2}% 40
\BOOKMARK [1][-]{section.3}{\376\377\000O\000V\000E\000R\000V\000I\000E\000W\000\040\000O\000F\000\040\000V\000E\000D\000I\000C\000\040\000A\000S\000T\000R\000O\000L\000O\000G\000Y}{}% 41
\BOOKMARK [2][-]{subsection.3.1}{\376\377\000E\000D\000U\000C\000A\000T\000I\000O\000N\000A\000L\000\040\000I\000N\000S\000I\000G\000H\000T}{section.3}% 42
\BOOKMARK [2][-]{subsection.3.2}{\376\377\000A\000N\000\040\000I\000N\000T\000R\000O\000D\000U\000C\000T\000I\000O\000N\000\040\000B\000Y\000\040\000H\000I\000N\000D\000U\000I\000S\000M\000\040\000T\000O\000D\000A\000Y}{section.3}% 43
\BOOKMARK [2][-]{subsection.3.3}{\376\377\000W\000o\000r\000k\000i\000n\000g\000\040\000w\000i\000t\000h\000\040\000O\000u\000r\000\040\000K\000a\000r\000m\000i\000c\000\040\000C\000o\000d\000e}{section.3}% 44
\BOOKMARK [2][-]{subsection.3.4}{\376\377\000C\000o\000s\000m\000i\000c\000\040\000C\000o\000n\000s\000c\000i\000o\000u\000s\000n\000e\000s\000s}{section.3}% 45
\BOOKMARK [2][-]{subsection.3.5}{\376\377\000R\000e\000m\000e\000d\000i\000a\000l\000\040\000M\000e\000a\000s\000u\000r\000e\000s}{section.3}% 46
\BOOKMARK [2][-]{subsection.3.6}{\376\377\000A\000\040\000M\000y\000s\000t\000i\000c\000a\000l\000\040\000S\000c\000i\000e\000n\000c\000e}{section.3}% 47
\BOOKMARK [2][-]{subsection.3.7}{\376\377\000A\000n\000t\000i\000q\000u\000i\000t\000y}{section.3}% 48
\BOOKMARK [2][-]{subsection.3.8}{\376\377\000A\000\040\000C\000o\000m\000p\000a\000r\000i\000s\000o\000n\000\040\000w\000i\000t\000h\000\040\000W\000e\000s\000t\000e\000r\000n\000\040\000A\000s\000t\000r\000o\000l\000o\000g\000y}{section.3}% 49
\BOOKMARK [2][-]{subsection.3.9}{\376\377\000V\000e\000d\000i\000c\000\040\000A\000s\000t\000r\000o\000l\000o\000g\000y\000\040\000T\000o\000d\000a\000y}{section.3}% 50
\BOOKMARK [2][-]{subsection.3.10}{\376\377\000M\000i\000s\000u\000s\000e\000\040\000o\000f\000\040\000A\000s\000t\000r\000o\000l\000o\000g\000y}{section.3}% 51
\BOOKMARK [2][-]{subsection.3.11}{\376\377\000A\000s\000t\000r\000o\000l\000o\000g\000y\000\040\000f\000o\000r\000\040\000Y\000o\000u}{section.3}% 52
\BOOKMARK [3][-]{subsubsection.3.11.1}{\376\377\000H\000o\000w\000\040\000M\000i\000g\000h\000t\000\040\000I\000\040\000B\000e\000n\000e\000f\000i\000t\000\040\000f\000r\000o\000m\000\040\000J\000y\000o\000t\000i\000s\000h\000a\000?}{subsection.3.11}% 53
\BOOKMARK [3][-]{subsubsection.3.11.2}{\376\377\000H\000o\000w\000\040\000A\000c\000c\000u\000r\000a\000t\000e\000\040\000I\000s\000\040\000I\000t\000?}{subsection.3.11}% 54
\BOOKMARK [3][-]{subsubsection.3.11.3}{\376\377\000W\000h\000a\000t\000\040\000I\000s\000\040\000t\000h\000e\000\040\000N\000a\000t\000u\000r\000e\000\040\000o\000f\000\040\000a\000\040\000J\000y\000o\000t\000i\000s\000h\000\040\000R\000e\000a\000d\000i\000n\000g\000?}{subsection.3.11}% 55
\BOOKMARK [3][-]{subsubsection.3.11.4}{\376\377\000W\000h\000a\000t\000\040\000I\000n\000f\000o\000r\000m\000a\000t\000i\000o\000n\000\040\000S\000h\000o\000u\000l\000d\000\040\000I\000\040\000E\000x\000p\000e\000c\000t\000\040\000t\000o\000\040\000A\000c\000q\000u\000i\000r\000e\000?}{subsection.3.11}% 56
\BOOKMARK [3][-]{subsubsection.3.11.5}{\376\377\000A\000s\000t\000r\000o\000l\000o\000g\000y\000\040\000f\000o\000r\000\040\000H\000e\000a\000l\000t\000h}{subsection.3.11}% 57
\BOOKMARK [2][-]{subsection.3.12}{\376\377\000W\000h\000a\000t\000\040\000C\000a\000n\000\040\000I\000\040\000D\000o\000\040\000t\000o\000\040\000G\000e\000t\000\040\000S\000t\000a\000r\000t\000e\000d\000\040\000w\000i\000t\000h\000\040\000A\000s\000t\000r\000o\000l\000o\000g\000y\000?}{section.3}% 58
\BOOKMARK [3][-]{subsubsection.3.12.1}{\376\377\000O\000n\000c\000e\000\040\000I\000\040\000H\000a\000v\000e\000\040\000M\000y\000\040\000I\000n\000t\000e\000r\000p\000r\000e\000t\000e\000d\000\040\000C\000h\000a\000r\000t\000,\000\040\000H\000o\000w\000\040\000D\000o\000\040\000I\000\040\000U\000s\000e\000\040\000I\000t\000?}{subsection.3.12}% 59
\BOOKMARK [3][-]{subsubsection.3.12.2}{\376\377\000H\000o\000w\000\040\000I\000s\000\040\000t\000h\000e\000\040\000P\000a\000n\000c\000h\000a\000n\000g\000a\000m\000\040\000B\000e\000s\000t\000\040\000U\000s\000e\000d\000?}{subsection.3.12}% 60
\BOOKMARK [3][-]{subsubsection.3.12.3}{\376\377\000W\000h\000a\000t\000\040\000O\000t\000h\000e\000r\000\040\000W\000a\000y\000s\000\040\000C\000a\000n\000\040\000I\000\040\000U\000s\000e\000\040\000J\000y\000o\000t\000i\000s\000h\000a\000?}{subsection.3.12}% 61
\BOOKMARK [3][-]{subsubsection.3.12.4}{\376\377\000H\000o\000w\000\040\000C\000a\000n\000\040\000I\000\040\000U\000s\000e\000\040\000t\000h\000i\000s\000\040\000W\000i\000s\000d\000o\000m\000\040\000t\000o\000\040\000G\000u\000i\000d\000e\000\040\000M\000y\000\040\000C\000h\000i\000l\000d\000r\000e\000n\000?}{subsection.3.12}% 62
\BOOKMARK [2][-]{subsection.3.13}{\376\377\000I\000n\000\040\000a\000\040\000N\000u\000t\000s\000h\000e\000l\000l}{section.3}% 63
\BOOKMARK [2][-]{subsection.3.14}{\376\377\000A\000r\000e\000\040\040\034\000B\000a\000d\000\040\000T\000i\000m\000e\000s\040\035\000\040\000R\000e\000a\000l\000l\000y\000\040\000B\000a\000d\000\040\000T\000i\000m\000e\000s\000?}{section.3}% 64
\BOOKMARK [2][-]{subsection.3.15}{\376\377\000H\000o\000w\000\040\000M\000u\000c\000h\000\040\000T\000i\000m\000e\000\040\000a\000n\000d\000\040\000E\000m\000p\000h\000a\000s\000i\000s\000\040\000o\000n\000\040\000J\000y\000o\000t\000i\000s\000h\000a\000\040\000I\000s\000\040\000H\000e\000a\000l\000t\000h\000y\000?}{section.3}% 65
\BOOKMARK [1][-]{section.4}{\376\377\000F\000O\000U\000N\000D\000A\000T\000I\000O\000N\000S\000\040\000O\000F\000\040\000V\000E\000D\000I\000C\000\040\000A\000S\000T\000R\000O\000L\000O\000G\000Y\000\040\0001\000:\000\040\000P\000l\000a\000n\000e\000t\000s\000\040\000a\000n\000d\000\040\000S\000i\000g\000n\000s}{}% 66
\BOOKMARK [2][-]{subsection.4.1}{\376\377\000I\000n\000t\000r\000o\000d\000u\000c\000t\000i\000o\000n\000\040\000t\000o\000\040\000t\000h\000e\000\040\000F\000o\000u\000n\000d\000a\000t\000i\000o\000n\000s\000\040\000o\000f\000\040\000V\000e\000d\000i\000c\000\040\000A\000s\000t\000r\000o\000l\000o\000g\000y\000\040\000b\000y\000\040\000V\000a\000m\000a\000d\000e\000v\000a\000\040\000F\000r\000o\000m\000\040\000P\000l\000a\000n\000e\000t\000s\000,\000\040\000S\000i\000g\000n\000s\000\040\000a\000n\000d\000\040\000H\000o\000u\000s\000e\000s\000\040\000t\000o\000\040\000A\000s\000p\000e\000c\000t\000s\000,\000\040\000P\000l\000a\000n\000e\000t\000a\000r\000y\000\040\000P\000e\000r\000i\000o\000d\000s\000\040\000a\000n\000d\000\040\000Y\000o\000g\000a\000s}{section.4}% 67
\BOOKMARK [2][-]{subsection.4.2}{\376\377\000P\000A\000R\000T\000\040\000I\000.\000\040\000T\000H\000E\000\040\000B\000A\000C\000K\000G\000R\000O\000U\000N\000D\000\040\000O\000F\000\040\000V\000E\000D\000I\000C\000\040\000A\000S\000T\000R\000O\000L\000O\000G\000Y\000,\000\040\000T\000H\000E\000O\000R\000Y\000\040\000A\000N\000D\000\040\000C\000A\000L\000C\000U\000L\000A\000T\000I\000O\000N\000S}{section.4}% 68
\BOOKMARK [3][-]{subsubsection.4.2.1}{\376\377\000S\000p\000i\000r\000i\000t\000u\000a\000l\000\040\000B\000a\000c\000k\000g\000r\000o\000u\000n\000d\000\040\000o\000f\000\040\000V\000e\000d\000i\000c\000\040\000A\000s\000t\000r\000o\000l\000o\000g\000y}{subsection.4.2}% 69
\BOOKMARK [3][-]{subsubsection.4.2.2}{\376\377\000T\000r\000o\000p\000i\000c\000a\000l\000\040\000a\000n\000d\000\040\000S\000i\000d\000e\000r\000a\000l\000\040\000Z\000o\000d\000i\000a\000c\000s\000\040\040\023\000\040\000A\000y\000a\000n\000a\000m\000s\000h\000a}{subsection.4.2}% 70
\BOOKMARK [3][-]{subsubsection.4.2.3}{\376\377\000T\000h\000e\000\040\000Y\000u\000g\000a\000s\000\040\000o\000r\000\040\000W\000o\000r\000l\000d\000\040\000A\000g\000e\000s}{subsection.4.2}% 71
\BOOKMARK [2][-]{subsection.4.3}{\376\377\000P\000A\000R\000T\000\040\000I\000I\000.\000\040\000P\000L\000A\000N\000E\000T\000S\000\040\000A\000N\000D\000\040\000S\000I\000G\000N\000S}{section.4}% 72
\BOOKMARK [3][-]{subsubsection.4.3.1}{\376\377\0001\000.\000\040\000T\000H\000E\000\040\000N\000I\000N\000E\000\040\000P\000L\000A\000N\000E\000T\000S\000\040\000\050\000N\000A\000V\000A\000G\000R\000A\000H\000A\000\051}{subsection.4.3}% 73
\BOOKMARK [3][-]{subsubsection.4.3.2}{\376\377\000T\000H\000E\000\040\000P\000L\000A\000N\000E\000T\000S\000:\000\040\000T\000H\000E\000\040\000G\000R\000E\000A\000T\000\040\000C\000O\000S\000M\000I\000C\000\040\000S\000I\000G\000N\000I\000F\000I\000C\000A\000T\000O\000R\000S\000\040\000\050\000A\000s\000t\000r\000o\000l\000o\000g\000y\000\040\000o\000f\000\040\000t\000h\000e\000\040\000S\000e\000e\000r\000s\000,\000\040\000C\000h\000a\000p\000t\000e\000r\000\040\0004\000,\000\040\000p\000a\000g\000e\000s\000\040\0004\0007\000-\0005\0005\000\051}{subsection.4.3}% 74
\BOOKMARK [4][-]{subsubsubsection.4.3.2.1}{\376\377\000P\000L\000A\000N\000E\000T\000S\000\040\000A\000N\000D\000\040\000T\000H\000E\000\040\000T\000H\000R\000E\000E\000\040\000G\000U\000N\000A\000S}{subsubsection.4.3.2}% 75
\BOOKMARK [4][-]{subsubsubsection.4.3.2.2}{\376\377\000P\000L\000A\000N\000E\000T\000S\000\040\000A\000N\000D\000\040\000T\000H\000E\000\040\000F\000I\000V\000E\000\040\000E\000L\000E\000M\000E\000N\000T\000S}{subsubsection.4.3.2}% 76
\BOOKMARK [4][-]{subsubsubsection.4.3.2.3}{\376\377\000P\000L\000A\000N\000E\000T\000S\000\040\000A\000S\000\040\000B\000E\000N\000E\000F\000I\000C\000\040\000O\000R\000\040\000M\000A\000L\000E\000F\000I\000C\000/\000N\000A\000T\000U\000R\000A\000L\000\040\000S\000T\000A\000T\000U\000S\000\040}{subsubsection.4.3.2}% 77
\BOOKMARK [4][-]{subsubsubsection.4.3.2.4}{\376\377\000P\000L\000A\000N\000E\000T\000S\000\040\000I\000N\000\040\000T\000E\000R\000M\000S\000\040\000O\000F\000\040\000Q\000U\000A\000L\000I\000T\000I\000E\000S\000\040\000A\000N\000D\000\040\000C\000H\000A\000R\000A\000C\000T\000E\000R\000I\000S\000T\000I\000C\000S}{subsubsection.4.3.2}% 78
\BOOKMARK [3][-]{subsubsection.4.3.3}{\376\377\0002\000.\000\040\000T\000H\000E\000\040\000T\000W\000E\000L\000V\000E\000\040\000S\000I\000G\000N\000S\000\040\000O\000R\000\040\000R\000A\000S\000H\000I\000S}{subsection.4.3}% 79
\BOOKMARK [3][-]{subsubsection.4.3.4}{\376\377\000S\000I\000G\000N\000\040\000Q\000U\000A\000L\000I\000T\000I\000E\000S\000\040}{subsection.4.3}% 80
\BOOKMARK [4][-]{subsubsubsection.4.3.4.1}{\376\377\000S\000I\000G\000N\000S\000\040\000A\000N\000D\000\040\000E\000L\000E\000M\000E\000N\000T\000S}{subsubsection.4.3.4}% 81
\BOOKMARK [4][-]{subsubsubsection.4.3.4.2}{\376\377\000T\000H\000E\000\040\000M\000E\000A\000N\000I\000N\000G\000S\000\040\000O\000F\000\040\000T\000H\000E\000\040\000T\000W\000E\000L\000V\000E\000\040\000S\000I\000G\000N\000S\000\040\000C\000O\000N\000T\000I\000N\000U\000E\000D}{subsubsection.4.3.4}% 82
\BOOKMARK [4][-]{subsubsubsection.4.3.4.3}{\376\377\000C\000o\000m\000b\000i\000n\000i\000n\000g\000\040\000Q\000u\000a\000l\000i\000t\000i\000e\000s\000\040\000a\000n\000d\000\040\000E\000l\000e\000m\000e\000n\000t\000s\000\040\000o\000f\000\040\000S\000i\000g\000n\000s}{subsubsection.4.3.4}% 83
\BOOKMARK [4][-]{subsubsubsection.4.3.4.4}{\376\377\000A\000s\000t\000r\000o\000a\000r\000t\000\040\000o\000f\000\040\000t\000h\000e\000\040\000T\000w\000e\000l\000v\000e\000\040\000S\000i\000g\000n\000s\000\040\000C\000o\000u\000r\000t\000e\000s\000y\000\040\000o\000f\000\040\000H\000i\000n\000d\000u\000i\000s\000m\000\040\000T\000o\000d\000a\000y}{subsubsection.4.3.4}% 84
\BOOKMARK [1][-]{section.5}{\376\377\000F\000O\000U\000N\000D\000A\000T\000I\000O\000N\000S\000\040\000O\000F\000\040\000V\000E\000D\000I\000C\000\040\000A\000S\000T\000R\000O\000L\000O\000G\000Y\000\040\0002\000\040\000H\000o\000u\000s\000e\000s\000,\000\040\000N\000a\000k\000s\000h\000a\000t\000r\000a\000s\000\040\000a\000n\000d\000\040\000P\000l\000a\000n\000e\000t\000a\000r\000y\000\040\000A\000s\000p\000e\000c\000t\000s}{}% 85
\BOOKMARK [2][-]{subsection.5.1}{\376\377\000F\000U\000R\000T\000H\000E\000R\000\040\000I\000N\000D\000I\000C\000A\000T\000I\000O\000N\000S\000\040\000O\000F\000\040\000T\000H\000E\000\040\000P\000L\000A\000N\000E\000T\000S\000\040\000R\000E\000L\000A\000T\000I\000V\000E\000\040\000T\000O\000\040\000T\000H\000E\000\040\000S\000I\000G\000N\000S\000\040\000S\000I\000G\000N\000S\000\040\000O\000F\000\040\000E\000X\000A\000L\000T\000A\000T\000I\000O\000N\000\040\000A\000N\000D\000\040\000D\000E\000B\000I\000L\000I\000T\000Y\000\040}{section.5}% 86
\BOOKMARK [3][-]{subsubsection.5.1.1}{\376\377\000M\000u\000l\000a\000t\000r\000i\000k\000o\000n\000a\000\040\000S\000i\000g\000n\000s\000\040\000f\000o\000r\000\040\000P\000l\000a\000n\000e\000t\000s}{subsection.5.1}% 87
\BOOKMARK [2][-]{subsection.5.2}{\376\377\000P\000L\000A\000N\000E\000T\000A\000R\000Y\000\040\000F\000R\000I\000E\000N\000D\000S\000H\000I\000P\000\040\000A\000N\000D\000\040\000E\000N\000M\000I\000T\000Y\000\040}{section.5}% 88
\BOOKMARK [3][-]{subsubsection.5.2.1}{\376\377\000N\000a\000t\000u\000r\000a\000l\000\040\000P\000l\000a\000n\000e\000t\000a\000r\000y\000\040\000F\000r\000i\000e\000n\000d\000s\000h\000i\000p\000\040\000a\000n\000d\000\040\000E\000n\000m\000i\000t\000y}{subsection.5.2}% 89
\BOOKMARK [3][-]{subsubsection.5.2.2}{\376\377\000T\000e\000m\000p\000o\000r\000a\000l\000\040\000o\000r\000\040\000T\000e\000m\000p\000o\000r\000a\000r\000y\000\040\000P\000l\000a\000n\000e\000t\000a\000r\000y\000\040\000F\000r\000i\000e\000n\000d\000s\000h\000i\000p\000\040\000a\000n\000d\000\040\000E\000n\000m\000i\000t\000y}{subsection.5.2}% 90
\BOOKMARK [2][-]{subsection.5.3}{\376\377\0003\000.\000\040\000T\000H\000E\000\040\000T\000W\000E\000L\000V\000E\000\040\000H\000O\000U\000S\000E\000S}{section.5}% 91
\BOOKMARK [3][-]{subsubsection.5.3.1}{\376\377\000C\000a\000l\000c\000u\000l\000a\000t\000i\000o\000n\000\040\000o\000f\000\040\000H\000o\000u\000s\000e\000s}{subsection.5.3}% 92
\BOOKMARK [3][-]{subsubsection.5.3.2}{\376\377\000H\000o\000u\000s\000e\000s\000\040\000f\000r\000o\000m\000\040\000t\000h\000e\000\040\000M\000o\000o\000n}{subsection.5.3}% 93
\BOOKMARK [3][-]{subsubsection.5.3.3}{\376\377\000R\000e\000f\000e\000r\000r\000e\000d\000\040\000H\000o\000u\000s\000e\000s}{subsection.5.3}% 94
\BOOKMARK [2][-]{subsection.5.4}{\376\377\000H\000O\000U\000S\000E\000\040\000Q\000U\000A\000L\000I\000T\000I\000E\000S}{section.5}% 95
\BOOKMARK [3][-]{subsubsection.5.4.1}{\376\377\000A\000d\000d\000i\000t\000i\000o\000n\000a\000l\000\040\000H\000o\000u\000s\000e\000\040\000G\000r\000o\000u\000p\000i\000n\000g\000s}{subsection.5.4}% 96
\BOOKMARK [3][-]{subsubsection.5.4.2}{\376\377\000T\000h\000e\000\040\000n\000a\000t\000u\000r\000a\000l\000\040\000s\000i\000g\000n\000i\000f\000i\000c\000a\000t\000o\000r\000s\000\040\000o\000f\000\040\000e\000a\000c\000h\000\040\000h\000o\000u\000s\000e\000:}{subsection.5.4}% 97
\BOOKMARK [2][-]{subsection.5.5}{\376\377\000P\000R\000I\000N\000C\000I\000P\000L\000E\000S\000\040\000O\000F\000\040\000H\000O\000U\000S\000E\000\040\000R\000U\000L\000E\000R\000S\000H\000I\000P}{section.5}% 98
\BOOKMARK [3][-]{subsubsection.5.5.1}{\376\377\0004\000.\000\040\000T\000H\000E\000\040\000T\000W\000E\000N\000T\000Y\000-\000S\000E\000V\000E\000N\000\040\000N\000A\000K\000S\000H\000A\000T\000R\000A\000S}{subsection.5.5}% 99
\BOOKMARK [2][-]{subsection.5.6}{\376\377\0005\000.\000\040\000P\000L\000A\000N\000E\000T\000A\000R\000Y\000\040\000A\000S\000P\000E\000C\000T\000S\000\040\000A\000N\000D\000\040\000A\000S\000S\000O\000C\000I\000A\000T\000I\000O\000N\000S}{section.5}% 100
\BOOKMARK [3][-]{subsubsection.5.6.1}{\376\377\000S\000P\000E\000C\000I\000A\000L\000\040\000A\000S\000P\000E\000C\000T\000S\000\040\000O\000F\000\040\000M\000A\000R\000S\000,\000\040\000J\000U\000P\000I\000T\000E\000R\000\040\000A\000N\000D\000\040\000S\000A\000T\000U\000R\000N}{subsection.5.6}% 101
\BOOKMARK [3][-]{subsubsection.5.6.2}{\376\377\000R\000a\000h\000u\000\040\000a\000n\000d\000\040\000K\000e\000t\000u}{subsection.5.6}% 102
\BOOKMARK [3][-]{subsubsection.5.6.3}{\376\377\000A\000s\000p\000e\000c\000t\000s\000\040\000i\000n\000\040\000D\000i\000v\000i\000s\000i\000o\000n\000a\000l\000\040\000C\000h\000a\000r\000t\000s}{subsection.5.6}% 103
\BOOKMARK [3][-]{subsubsection.5.6.4}{\376\377\000D\000e\000t\000e\000r\000m\000i\000n\000a\000t\000i\000o\000n\000\040\000o\000f\000\040\000A\000s\000p\000e\000c\000t\000s\000\040\000b\000y\000\040\000S\000i\000g\000h\000t}{subsection.5.6}% 104
\BOOKMARK [3][-]{subsubsection.5.6.5}{\376\377\000S\000a\000m\000b\000a\000n\000d\000h\000a\000\040\000o\000r\000\040\000F\000u\000l\000l\000\040\000R\000e\000l\000a\000t\000i\000o\000n\000s\000h\000i\000p\000\040\000b\000e\000t\000w\000e\000e\000n\000\040\000P\000l\000a\000n\000e\000t\000s}{subsection.5.6}% 105
\BOOKMARK [3][-]{subsubsection.5.6.6}{\376\377\000C\000o\000m\000b\000u\000s\000t\000\040\000P\000l\000a\000n\000e\000t\000s}{subsection.5.6}% 106
\BOOKMARK [3][-]{subsubsection.5.6.7}{\376\377\000P\000l\000a\000n\000e\000t\000a\000r\000y\000\040\000W\000a\000r}{subsection.5.6}% 107
\BOOKMARK [3][-]{subsubsection.5.6.8}{\376\377\000S\000e\000p\000a\000r\000a\000t\000i\000v\000e\000\040\000P\000l\000a\000n\000e\000t\000s}{subsection.5.6}% 108
\BOOKMARK [3][-]{subsubsection.5.6.9}{\376\377\000W\000e\000i\000g\000h\000t\000\040\000o\000f\000\040\000P\000l\000a\000n\000e\000t\000a\000r\000y\000\040\000A\000s\000p\000e\000c\000t\000s}{subsection.5.6}% 109
\BOOKMARK [2][-]{subsection.5.7}{\376\377\000P\000L\000A\000N\000E\000T\000A\000R\000Y\000\040\000Y\000O\000G\000A\000S}{section.5}% 110
