\BOOKMARK [1][-]{section.1}{\376\377\000W\000O\000R\000K\000B\000O\000O\000K\000\040\000L\000E\000S\000S\000O\000N\000\040\0001\000\040\000W\000O\000R\000K\000B\000O\000O\000K\000\040\000A\000N\000D\000\040\000C\000H\000A\000R\000T\000\040\000E\000X\000A\000M\000I\000N\000A\000T\000I\000O\000N}{}% 1
\BOOKMARK [2][-]{subsection.1.1}{\376\377\000R\000E\000A\000D\000I\000N\000G\000\040\000N\000O\000R\000T\000H\000\040\000A\000N\000D\000\040\000S\000O\000U\000T\000H\000\040\000I\000N\000D\000I\000A\000N\000\040\000C\000H\000A\000R\000T\000S}{section.1}% 2
\BOOKMARK [3][-]{subsubsection.1.1.1}{\376\377\000W\000o\000r\000k\000b\000o\000o\000k\000\040\000T\000e\000s\000t\000i\000n\000g\000\040\040\023\000\040\000S\000t\000u\000d\000y\000\040\000Q\000u\000e\000s\000t\000i\000o\000n\000s\000\040\000O\000n\000l\000y}{subsection.1.1}% 3
\BOOKMARK [2][-]{subsection.1.2}{\376\377\000T\000h\000e\000\040\000N\000o\000r\000t\000h\000\040\000I\000n\000d\000i\000a\000n\000\040\000C\000h\000a\000r\000t\000\040\000a\000n\000d\000\040\000E\000x\000a\000m\000i\000n\000a\000t\000i\000o\000n\000\040\000o\000f\000\040\000t\000h\000e\000\040\000H\000o\000u\000s\000e\000s}{section.1}% 4
\BOOKMARK [3][-]{subsubsection.1.2.1}{\376\377\000S\000a\000m\000p\000l\000e\000\040\000N\000o\000r\000t\000h\000\040\000I\000n\000d\000i\000a\000n\000\040\000C\000h\000a\000r\000t}{subsection.1.2}% 5
\BOOKMARK [3][-]{subsubsection.1.2.2}{\376\377\000T\000h\000e\000\040\000N\000o\000r\000t\000h\000\040\000I\000n\000d\000i\000a\000n\000\040\000M\000o\000o\000n\000\040\000C\000h\000a\000r\000t}{subsection.1.2}% 6
\BOOKMARK [4][-]{subsubsubsection.1.2.2.1}{\376\377\000A\000n\000g\000u\000l\000a\000r\000\040\000H\000o\000u\000s\000e\000s}{subsubsection.1.2.2}% 7
\BOOKMARK [4][-]{subsubsubsection.1.2.2.2}{\376\377\000T\000r\000i\000n\000e\000\040\000H\000o\000u\000s\000e\000s}{subsubsection.1.2.2}% 8
\BOOKMARK [4][-]{subsubsubsection.1.2.2.3}{\376\377\000R\000a\000j\000a\000\040\000Y\000o\000g\000a}{subsubsection.1.2.2}% 9
\BOOKMARK [4][-]{subsubsubsection.1.2.2.4}{\376\377\000D\000u\000h\000s\000t\000h\000a\000n\000a\000s}{subsubsection.1.2.2}% 10
\BOOKMARK [4][-]{subsubsubsection.1.2.2.5}{\376\377\000U\000p\000a\000c\000h\000a\000y\000a\000\040\000a\000n\000d\000\040\000A\000p\000a\000c\000h\000a\000y\000a\000\040\000H\000o\000u\000s\000e\000s}{subsubsection.1.2.2}% 11
\BOOKMARK [2][-]{subsection.1.3}{\376\377\000T\000h\000e\000\040\000S\000o\000u\000t\000h\000\040\000I\000n\000d\000i\000a\000n\000\040\000C\000h\000a\000r\000t\000\040\000a\000n\000d\000\040\000E\000x\000a\000m\000i\000n\000a\000t\000i\000o\000n\000\040\000o\000f\000\040\000t\000h\000e\000\040\000S\000i\000g\000n\000s}{section.1}% 12
\BOOKMARK [3][-]{subsubsection.1.3.1}{\376\377\000S\000a\000m\000p\000l\000e\000\040\000S\000o\000u\000t\000h\000\040\000I\000n\000d\000i\000a\000n\000\040\000C\000h\000a\000r\000t}{subsection.1.3}% 13
\BOOKMARK [4][-]{subsubsubsection.1.3.1.1}{\376\377\000R\000e\000f\000e\000r\000r\000e\000d\000\040\000H\000o\000u\000s\000e\000s}{subsubsection.1.3.1}% 14
\BOOKMARK [1][-]{section.2}{\376\377\000W\000O\000R\000K\000B\000O\000O\000K\000\040\000L\000E\000S\000S\000O\000N\000\040\0002\000\040\000C\000H\000A\000R\000T\000\040\000J\000U\000D\000G\000M\000E\000N\000T}{}% 15
\BOOKMARK [2][-]{subsection.2.1}{\376\377\000H\000o\000u\000s\000e\000\040\000L\000o\000c\000a\000t\000i\000o\000n\000\040\000o\000f\000\040\000N\000a\000t\000u\000r\000a\000l\000\040\000B\000e\000n\000e\000f\000i\000c\000s\000\040\000a\000n\000d\000\040\000M\000a\000l\000e\000f\000i\000c\000s}{section.2}% 16
\BOOKMARK [3][-]{subsubsection.2.1.1}{\376\377\000N\000A\000T\000U\000R\000A\000L\000\040\000B\000E\000N\000E\000F\000I\000C\000S}{subsection.2.1}% 17
\BOOKMARK [2][-]{subsection.2.2}{\376\377\000N\000A\000T\000U\000R\000A\000L\000\040\000M\000A\000L\000E\000F\000I\000C\000S}{section.2}% 18
\BOOKMARK [2][-]{subsection.2.3}{\376\377\000H\000o\000u\000s\000e\000\040\000L\000o\000r\000d\000s\000\040}{section.2}% 19
\BOOKMARK [3][-]{subsubsection.2.3.1}{\376\377\000R\000a\000j\000a\000\040\000Y\000o\000g\000a\000/\000\040\000T\000r\000i\000n\000a\000l\000\040\000L\000o\000r\000d\000s}{subsection.2.3}% 20
\BOOKMARK [3][-]{subsubsection.2.3.2}{\376\377\000M\000a\000r\000a\000k\000a\000\040\000P\000l\000a\000n\000e\000t\000s}{subsection.2.3}% 21
\BOOKMARK [3][-]{subsubsection.2.3.3}{\376\377\000R\000i\000p\000e\000n\000i\000n\000g\000\040\000o\000f\000\040\000M\000a\000r\000a\000k\000a\000\040\000P\000l\000a\000n\000e\000t\000s}{subsection.2.3}% 22
\BOOKMARK [3][-]{subsubsection.2.3.4}{\376\377\000P\000l\000a\000n\000e\000t\000a\000r\000y\000\040\000F\000r\000i\000e\000n\000d\000s\000h\000i\000p\000\040\000a\000n\000d\000\040\000E\000n\000m\000i\000t\000y}{subsection.2.3}% 23
\BOOKMARK [3][-]{subsubsection.2.3.5}{\376\377\000P\000r\000i\000o\000r\000i\000t\000y\000\040\000o\000f\000\040\000F\000a\000c\000t\000o\000r\000s}{subsection.2.3}% 24
\BOOKMARK [3][-]{subsubsection.2.3.6}{\376\377\000U\000s\000e\000\040\000o\000f\000\040\000N\000a\000v\000a\000m\000s\000h\000a}{subsection.2.3}% 25
\BOOKMARK [3][-]{subsubsection.2.3.7}{\376\377\000T\000e\000m\000p\000o\000r\000a\000l\000\040\000a\000n\000d\000\040\000N\000a\000t\000u\000r\000a\000l\000\040\000S\000t\000a\000t\000u\000s\000\040\000o\000f\000\040\000P\000l\000a\000n\000e\000t\000s}{subsection.2.3}% 26
\BOOKMARK [3][-]{subsubsection.2.3.8}{\376\377\000R\000e\000f\000e\000r\000r\000e\000d\000\040\000H\000o\000u\000s\000e\000s}{subsection.2.3}% 27
\BOOKMARK [3][-]{subsubsection.2.3.9}{\376\377\000Y\000o\000g\000a\000s}{subsection.2.3}% 28
\BOOKMARK [3][-]{subsubsection.2.3.10}{\376\377\000C\000o\000m\000b\000u\000s\000t}{subsection.2.3}% 29
\BOOKMARK [3][-]{subsubsection.2.3.11}{\376\377\000R\000e\000t\000r\000o\000g\000r\000a\000d\000e}{subsection.2.3}% 30
\BOOKMARK [2][-]{subsection.2.4}{\376\377\000E\000x\000a\000m\000p\000l\000e\000\040\000C\000h\000a\000r\000t}{section.2}% 31
\BOOKMARK [3][-]{subsubsection.2.4.1}{\376\377\000P\000o\000s\000i\000t\000i\000o\000n\000s\000\040\000F\000r\000o\000m\000\040\000t\000h\000e\000\040\000M\000o\000o\000n}{subsection.2.4}% 32
\BOOKMARK [3][-]{subsubsection.2.4.2}{\376\377\000P\000o\000s\000i\000t\000i\000o\000n\000s\000\040\000f\000r\000o\000m\000\040\000t\000h\000e\000\040\000N\000a\000v\000a\000m\000s\000h\000a}{subsection.2.4}% 33
\BOOKMARK [3][-]{subsubsection.2.4.3}{\376\377\000D\000a\000s\000h\000a\000s\000\040\000a\000n\000d\000\040\000B\000h\000u\000k\000t\000i\000s}{subsection.2.4}% 34
\BOOKMARK [1][-]{section.3}{\376\377\000W\000O\000R\000K\000B\000O\000O\000K\000\040\000L\000E\000S\000S\000O\000N\000\040\0003\000\040\000T\000H\000E\000\040\000T\000W\000E\000L\000V\000E\000\040\000A\000S\000C\000E\000N\000D\000A\000N\000T\000S\000\040\000A\000N\000D\000\040\000S\000A\000M\000P\000L\000E\000\040\000C\000H\000A\000R\000T\000S}{}% 35
\BOOKMARK [2][-]{subsection.3.1}{\376\377\000A\000r\000i\000e\000s\000\040\000A\000s\000c\000e\000n\000d\000a\000n\000t\000\040\000C\000h\000a\000r\000t}{section.3}% 36
\BOOKMARK [2][-]{subsection.3.2}{\376\377\000T\000a\000u\000r\000u\000s\000\040\000A\000s\000c\000e\000n\000d\000a\000n\000t\000\040\000C\000h\000a\000r\000t}{section.3}% 37
\BOOKMARK [2][-]{subsection.3.3}{\376\377\000G\000e\000m\000i\000n\000i\000\040\000A\000s\000c\000e\000n\000d\000a\000n\000t\000\040\000C\000h\000a\000r\000t}{section.3}% 38
\BOOKMARK [2][-]{subsection.3.4}{\376\377\000C\000a\000n\000c\000e\000r\000\040\000A\000s\000c\000e\000n\000d\000a\000n\000t\000\040\000C\000h\000a\000r\000t}{section.3}% 39
\BOOKMARK [2][-]{subsection.3.5}{\376\377\000L\000e\000o\000\040\000A\000s\000c\000e\000n\000d\000a\000n\000t\000\040\000C\000h\000a\000r\000t}{section.3}% 40
\BOOKMARK [2][-]{subsection.3.6}{\376\377\000V\000i\000r\000g\000o\000\040\000A\000s\000c\000e\000n\000d\000a\000n\000t\000\040\000C\000h\000a\000r\000t}{section.3}% 41
\BOOKMARK [2][-]{subsection.3.7}{\376\377\000L\000i\000b\000r\000a\000\040\000A\000s\000c\000e\000n\000d\000a\000n\000t\000\040\000C\000h\000a\000r\000t}{section.3}% 42
\BOOKMARK [2][-]{subsection.3.8}{\376\377\000S\000c\000o\000r\000p\000i\000o\000\040\000A\000s\000c\000e\000n\000d\000a\000n\000t\000\040\000C\000h\000a\000r\000t}{section.3}% 43
\BOOKMARK [2][-]{subsection.3.9}{\376\377\000S\000a\000g\000i\000t\000t\000a\000r\000i\000u\000s\000\040\000A\000s\000c\000e\000n\000d\000a\000n\000t\000\040\000C\000h\000a\000r\000t}{section.3}% 44
\BOOKMARK [2][-]{subsection.3.10}{\376\377\000C\000a\000p\000r\000i\000c\000o\000r\000n\000\040\000A\000s\000c\000e\000n\000d\000a\000n\000t\000\040\000C\000h\000a\000r\000t}{section.3}% 45
\BOOKMARK [2][-]{subsection.3.11}{\376\377\000A\000q\000u\000a\000r\000i\000u\000s\000\040\000A\000s\000c\000e\000n\000d\000a\000n\000t\000\040\000C\000h\000a\000r\000t}{section.3}% 46
\BOOKMARK [2][-]{subsection.3.12}{\376\377\000P\000i\000s\000c\000e\000s\000\040\000A\000s\000c\000e\000n\000d\000a\000n\000t\000\040\000C\000h\000a\000r\000t}{section.3}% 47
\BOOKMARK [1][-]{section.4}{\376\377\000W\000O\000R\000K\000B\000O\000O\000K\000\040\000L\000E\000S\000S\000O\000N\000\040\0004\000\040\000R\000A\000J\000A\000\040\000Y\000O\000G\000A}{}% 48
\BOOKMARK [2][-]{subsection.4.1}{\376\377\000R\000a\000j\000a\000\040\000Y\000o\000g\000a\000\040\000P\000l\000a\000n\000e\000t\000s\000\040\000a\000n\000d\000\040\000D\000i\000v\000i\000s\000i\000o\000n\000a\000l\000\040\000C\000h\000a\000r\000t\000s}{section.4}% 49
\BOOKMARK [2][-]{subsection.4.2}{\376\377\000R\000a\000j\000a\000\040\000Y\000o\000g\000a\000\040\000E\000x\000a\000m\000p\000l\000e\000\040\000C\000h\000a\000r\000t}{section.4}% 50
\BOOKMARK [2][-]{subsection.4.3}{\376\377\000R\000a\000j\000a\000\040\000Y\000o\000g\000a\000\040\000C\000h\000a\000r\000t\000\040\0002\000\040\000P\000o\000l\000i\000t\000i\000c\000a\000l\000\040\000R\000a\000j\000a\000\040\000Y\000o\000g\000a}{section.4}% 51
\BOOKMARK [1][-]{section.5}{\376\377\000W\000O\000R\000K\000B\000O\000O\000K\000\040\000L\000E\000S\000S\000O\000N\000\040\0005\000\040\000A\000Y\000U\000R\000V\000E\000D\000I\000C\000\040\000C\000O\000N\000S\000T\000I\000T\000U\000T\000I\000O\000N\000\040\000B\000O\000D\000Y\000\040\000A\000N\000D\000\040\000M\000I\000N\000D}{}% 52
\BOOKMARK [2][-]{subsection.5.1}{\376\377\000T\000h\000e\000\040\000A\000s\000c\000e\000n\000d\000a\000n\000t\000\040\000a\000n\000d\000\040\000B\000a\000s\000i\000c\000\040\000B\000i\000r\000t\000h\000\040\000C\000h\000a\000r\000t}{section.5}% 53
\BOOKMARK [3][-]{subsubsection.5.1.1}{\376\377\000A\000s\000c\000e\000n\000d\000a\000n\000t\000\040\000L\000o\000r\000d}{subsection.5.1}% 54
\BOOKMARK [3][-]{subsubsection.5.1.2}{\376\377\000H\000o\000u\000s\000e\000\040\000P\000o\000s\000i\000t\000i\000o\000n}{subsection.5.1}% 55
\BOOKMARK [2][-]{subsection.5.2}{\376\377\000S\000i\000x\000t\000h\000\040\000a\000n\000d\000\040\000E\000i\000g\000h\000t\000h\000\040\000H\000o\000u\000s\000e\000s}{section.5}% 56
\BOOKMARK [3][-]{subsubsection.5.2.1}{\376\377\000S\000i\000x\000t\000h\000\040\000a\000n\000d\000\040\000E\000i\000g\000h\000t\000h\000\040\000L\000o\000r\000d\000s}{subsection.5.2}% 57
\BOOKMARK [2][-]{subsection.5.3}{\376\377\000T\000h\000e\000\040\000M\000o\000o\000n}{section.5}% 58
\BOOKMARK [3][-]{subsubsection.5.3.1}{\376\377\000H\000o\000u\000s\000e\000\040\000P\000o\000s\000i\000t\000i\000o\000n\000\040\000o\000f\000\040\000t\000h\000e\000\040\000M\000o\000o\000n}{subsection.5.3}% 59
\BOOKMARK [2][-]{subsection.5.4}{\376\377\000S\000i\000g\000n\000s\000\040\000a\000n\000d\000\040\000D\000i\000s\000e\000a\000s\000e\000\040\000P\000o\000t\000e\000n\000t\000i\000a\000l}{section.5}% 60
\BOOKMARK [3][-]{subsubsection.5.4.1}{\376\377\000E\000l\000e\000m\000e\000n\000t\000s\000\040\000o\000f\000\040\000S\000i\000g\000n\000s}{subsection.5.4}% 61
\BOOKMARK [3][-]{subsubsection.5.4.2}{\376\377\000P\000l\000a\000n\000e\000t\000a\000r\000y\000\040\000R\000u\000l\000e\000r\000s\000h\000i\000p\000\040\000o\000f\000\040\000S\000i\000g\000n\000s}{subsection.5.4}% 62
\BOOKMARK [3][-]{subsubsection.5.4.3}{\376\377\000S\000e\000n\000s\000i\000t\000i\000v\000e\000\040\000S\000i\000g\000n\000s}{subsection.5.4}% 63
\BOOKMARK [2][-]{subsection.5.5}{\376\377\000D\000a\000s\000h\000a\000s\000\040\000a\000n\000d\000\040\000T\000r\000a\000n\000s\000i\000t\000s}{section.5}% 64
\BOOKMARK [2][-]{subsection.5.6}{\376\377\000S\000p\000e\000c\000i\000a\000l\000\040\000F\000a\000c\000t\000o\000r\000s}{section.5}% 65
\BOOKMARK [3][-]{subsubsection.5.6.1}{\376\377\000R\000e\000t\000r\000o\000g\000r\000a\000d\000e\000\040\000P\000l\000a\000n\000e\000t\000s}{subsection.5.6}% 66
\BOOKMARK [3][-]{subsubsection.5.6.2}{\376\377\000R\000a\000h\000u\000-\000K\000e\000t\000u\000\040\000A\000x\000i\000s}{subsection.5.6}% 67
\BOOKMARK [2][-]{subsection.5.7}{\376\377\000N\000a\000t\000u\000r\000e\000\040\000o\000f\000\040\000H\000e\000a\000l\000t\000h\000\040\000P\000r\000o\000b\000l\000e\000m\000s}{section.5}% 68
\BOOKMARK [2][-]{subsection.5.8}{\376\377\000P\000s\000y\000c\000h\000o\000l\000o\000g\000i\000c\000a\000l\000\040\000A\000f\000f\000l\000i\000c\000t\000i\000o\000n\000s}{section.5}% 69
\BOOKMARK [2][-]{subsection.5.9}{\376\377\000A\000y\000u\000r\000v\000e\000d\000i\000c\000\040\000C\000o\000n\000s\000t\000i\000t\000u\000t\000i\000o\000n\000a\000l\000\040\000S\000t\000r\000e\000n\000g\000t\000h}{section.5}% 70
\BOOKMARK [2][-]{subsection.5.10}{\376\377\000H\000e\000a\000l\000t\000h\000\040\000C\000o\000m\000p\000l\000i\000c\000a\000t\000i\000o\000n\000s}{section.5}% 71
\BOOKMARK [2][-]{subsection.5.11}{\376\377\000P\000s\000y\000c\000h\000o\000l\000o\000g\000i\000c\000a\000l\000\040\000A\000s\000p\000e\000c\000t\000s\000\040\000o\000f\000\040\000V\000e\000d\000i\000c\000\040\000A\000s\000t\000r\000o\000l\000o\000g\000y}{section.5}% 72
\BOOKMARK [3][-]{subsubsection.5.11.1}{\376\377\000K\000e\000y\000\040\000F\000a\000c\000t\000o\000r\000s\000\040\000o\000f\000\040\000P\000s\000y\000c\000h\000o\000l\000o\000g\000y}{subsection.5.11}% 73
\BOOKMARK [3][-]{subsubsection.5.11.2}{\376\377\000A\000d\000d\000i\000t\000i\000o\000n\000a\000l\000\040\000C\000o\000n\000s\000i\000d\000e\000r\000a\000t\000i\000o\000n\000s}{subsection.5.11}% 74
\BOOKMARK [3][-]{subsubsection.5.11.3}{\376\377\000P\000s\000y\000c\000h\000o\000l\000o\000g\000i\000c\000a\000l\000\040\000T\000y\000p\000e\000\040\000C\000o\000n\000s\000i\000d\000e\000r\000a\000t\000i\000o\000n\000s}{subsection.5.11}% 75
\BOOKMARK [3][-]{subsubsection.5.11.4}{\376\377\000F\000a\000c\000t\000o\000r\000s\000\040\000o\000f\000\040\000D\000i\000s\000t\000u\000r\000b\000e\000d\000\040\000P\000s\000y\000c\000h\000o\000l\000o\000g\000y}{subsection.5.11}% 76
\BOOKMARK [3][-]{subsubsection.5.11.5}{\376\377\000T\000i\000m\000i\000n\000g\000\040\000o\000f\000\040\000P\000s\000y\000c\000h\000o\000l\000o\000g\000i\000c\000a\000l\000\040\000I\000s\000s\000u\000e\000s\000\040\000V\000i\000a\000\040\000t\000h\000e\000\040\000D\000a\000s\000h\000a\000s\000\040\040\023\000\040\000S\000e\000n\000s\000i\000t\000i\000v\000e\000\040\000D\000a\000s\000h\000a\000s\000\040\000f\000o\000r\000\040\000t\000h\000e\000\040\000M\000i\000n\000d}{subsection.5.11}% 77
\BOOKMARK [3][-]{subsubsection.5.11.6}{\376\377\000D\000i\000f\000f\000i\000c\000u\000l\000t\000\040\000T\000r\000a\000n\000s\000i\000t\000s}{subsection.5.11}% 78
